app/build/intermediates/manifest_merge_blame_file/debug/processDebugMainManifest/manifest-merger-blame-debug-report.txt
1<?xml version="1.0" encoding="utf-8"?>
2<manifest xmlns:android="http://schemas.android.com/apk/res/android"
3    package="com.pitiq.app.debug"
4    android:versionCode="1"
5    android:versionName="0.1.0" >
6
7    <uses-sdk
8        android:minSdkVersion="23"
9        android:targetSdkVersion="35" />
10
11    <!-- Internet -->
12    <uses-permission android:name="android.permission.INTERNET" />
12-->src\main\AndroidManifest.xml:5:5-67
12-->src\main\AndroidManifest.xml:5:22-64
13    <uses-permission android:name="android.permission.ACCESS_NETWORK_STATE" />
13-->src\main\AndroidManifest.xml:6:5-79
13-->src\main\AndroidManifest.xml:6:22-76
14
15    <!-- Camera -->
16    <uses-permission android:name="android.permission.CAMERA" />
16-->src\main\AndroidManifest.xml:9:5-65
16-->src\main\AndroidManifest.xml:9:22-62
17
18    <uses-feature
18-->src\main\AndroidManifest.xml:10:5-84
19        android:name="android.hardware.camera"
19-->src\main\AndroidManifest.xml:10:19-57
20        android:required="true" />
20-->src\main\AndroidManifest.xml:10:58-81
21    <uses-feature
21-->src\main\AndroidManifest.xml:11:5-95
22        android:name="android.hardware.camera.autofocus"
22-->src\main\AndroidManifest.xml:11:19-67
23        android:required="false" />
23-->src\main\AndroidManifest.xml:11:68-92
24
25    <!-- Bluetooth — legacy (API 23–30) -->
26    <uses-permission
26-->src\main\AndroidManifest.xml:14:5-15:38
27        android:name="android.permission.BLUETOOTH"
27-->src\main\AndroidManifest.xml:14:22-65
28        android:maxSdkVersion="30" />
28-->src\main\AndroidManifest.xml:15:9-35
29    <uses-permission
29-->src\main\AndroidManifest.xml:16:5-17:38
30        android:name="android.permission.BLUETOOTH_ADMIN"
30-->src\main\AndroidManifest.xml:16:22-71
31        android:maxSdkVersion="30" />
31-->src\main\AndroidManifest.xml:17:9-35
32    <!-- Bluetooth — modern (API 31+) -->
33    <uses-permission
33-->src\main\AndroidManifest.xml:19:5-20:38
34        android:name="android.permission.BLUETOOTH_CONNECT"
34-->src\main\AndroidManifest.xml:19:22-73
35        android:minSdkVersion="31" />
35-->src\main\AndroidManifest.xml:20:9-35
36    <uses-permission
36-->src\main\AndroidManifest.xml:21:5-22:38
37        android:name="android.permission.BLUETOOTH_SCAN"
37-->src\main\AndroidManifest.xml:21:22-70
38        android:minSdkVersion="31" />
38-->src\main\AndroidManifest.xml:22:9-35
39
40    <!-- USB OTG (thermal printer) — declared as not required so app installs on all devices -->
41    <uses-feature
41-->src\main\AndroidManifest.xml:25:5-87
42        android:name="android.hardware.usb.host"
42-->src\main\AndroidManifest.xml:25:19-59
43        android:required="false" />
43-->src\main\AndroidManifest.xml:25:60-84
44
45    <!-- Kiosk / Device Owner -->
46    <uses-permission android:name="android.permission.RECEIVE_BOOT_COMPLETED" />
46-->src\main\AndroidManifest.xml:28:5-81
46-->src\main\AndroidManifest.xml:28:22-78
47
48    <!-- Keep screen on -->
49    <uses-permission android:name="android.permission.WAKE_LOCK" />
49-->src\main\AndroidManifest.xml:31:5-68
49-->src\main\AndroidManifest.xml:31:22-65
50
51    <!-- In-app APK install -->
52    <uses-permission android:name="android.permission.REQUEST_INSTALL_PACKAGES" />
52-->src\main\AndroidManifest.xml:34:5-83
52-->src\main\AndroidManifest.xml:34:22-80
53    <uses-permission android:name="android.permission.FOREGROUND_SERVICE" />
53-->[androidx.work:work-runtime:2.10.1] AndroidManifest.xml:26:5-77
53-->[androidx.work:work-runtime:2.10.1] AndroidManifest.xml:26:22-74
54
55    <permission
55-->[androidx.core:core:1.13.1] AndroidManifest.xml:22:5-24:47
56        android:name="com.pitiq.app.debug.DYNAMIC_RECEIVER_NOT_EXPORTED_PERMISSION"
56-->[androidx.core:core:1.13.1] AndroidManifest.xml:23:9-81
57        android:protectionLevel="signature" />
57-->[androidx.core:core:1.13.1] AndroidManifest.xml:24:9-44
58
59    <uses-permission android:name="com.pitiq.app.debug.DYNAMIC_RECEIVER_NOT_EXPORTED_PERMISSION" />
59-->[androidx.core:core:1.13.1] AndroidManifest.xml:26:5-97
59-->[androidx.core:core:1.13.1] AndroidManifest.xml:26:22-94
60
61    <application
61-->src\main\AndroidManifest.xml:36:5-91:19
62        android:name="com.pitiq.app.PitiqApplication"
62-->src\main\AndroidManifest.xml:37:9-41
63        android:allowBackup="false"
63-->src\main\AndroidManifest.xml:38:9-36
64        android:appComponentFactory="androidx.core.app.CoreComponentFactory"
64-->[androidx.core:core:1.13.1] AndroidManifest.xml:28:18-86
65        android:debuggable="true"
66        android:extractNativeLibs="false"
67        android:icon="@mipmap/ic_launcher"
67-->src\main\AndroidManifest.xml:39:9-43
68        android:label="@string/app_name"
68-->src\main\AndroidManifest.xml:40:9-41
69        android:roundIcon="@mipmap/ic_launcher_round"
69-->src\main\AndroidManifest.xml:41:9-54
70        android:supportsRtl="true"
70-->src\main\AndroidManifest.xml:42:9-35
71        android:theme="@style/Theme.PitiqApp" >
71-->src\main\AndroidManifest.xml:43:9-46
72        <activity
72-->src\main\AndroidManifest.xml:45:9-54:20
73            android:name="com.pitiq.app.MainActivity"
73-->src\main\AndroidManifest.xml:46:13-41
74            android:exported="true"
74-->src\main\AndroidManifest.xml:47:13-36
75            android:launchMode="singleTop"
75-->src\main\AndroidManifest.xml:48:13-43
76            android:windowSoftInputMode="adjustResize" >
76-->src\main\AndroidManifest.xml:49:13-55
77            <intent-filter>
77-->src\main\AndroidManifest.xml:50:13-53:29
78                <action android:name="android.intent.action.MAIN" />
78-->src\main\AndroidManifest.xml:51:17-69
78-->src\main\AndroidManifest.xml:51:25-66
79
80                <category android:name="android.intent.category.LAUNCHER" />
80-->src\main\AndroidManifest.xml:52:17-77
80-->src\main\AndroidManifest.xml:52:27-74
81            </intent-filter>
82        </activity>
83
84        <!-- Device Admin Receiver (Phase 1) -->
85        <receiver
85-->src\main\AndroidManifest.xml:57:9-67:20
86            android:name="com.pitiq.app.kiosk.KioskDeviceAdminReceiver"
86-->src\main\AndroidManifest.xml:58:13-59
87            android:exported="true"
87-->src\main\AndroidManifest.xml:59:13-36
88            android:permission="android.permission.BIND_DEVICE_ADMIN" >
88-->src\main\AndroidManifest.xml:60:13-70
89            <meta-data
89-->src\main\AndroidManifest.xml:61:13-63:56
90                android:name="android.app.device_admin"
90-->src\main\AndroidManifest.xml:62:17-56
91                android:resource="@xml/device_admin" />
91-->src\main\AndroidManifest.xml:63:17-53
92
93            <intent-filter>
93-->src\main\AndroidManifest.xml:64:13-66:29
94                <action android:name="android.app.action.DEVICE_ADMIN_ENABLED" />
94-->src\main\AndroidManifest.xml:65:17-82
94-->src\main\AndroidManifest.xml:65:25-79
95            </intent-filter>
96        </receiver>
97
98        <!-- USB device filter for thermal printer (Phase 2) -->
99        <activity
99-->src\main\AndroidManifest.xml:70:9-78:20
100            android:name="com.pitiq.app.hardware.printer.UsbPermissionActivity"
100-->src\main\AndroidManifest.xml:70:19-73
101            android:exported="false" >
101-->src\main\AndroidManifest.xml:71:13-37
102            <intent-filter>
102-->src\main\AndroidManifest.xml:72:13-74:29
103                <action android:name="android.hardware.usb.action.USB_DEVICE_ATTACHED" />
103-->src\main\AndroidManifest.xml:73:17-90
103-->src\main\AndroidManifest.xml:73:25-87
104            </intent-filter>
105
106            <meta-data
106-->src\main\AndroidManifest.xml:75:13-77:61
107                android:name="android.hardware.usb.action.USB_DEVICE_ATTACHED"
107-->src\main\AndroidManifest.xml:76:17-79
108                android:resource="@xml/usb_device_filter" />
108-->src\main\AndroidManifest.xml:77:17-58
109        </activity>
110
111        <!-- FileProvider for APK installs -->
112        <provider
113            android:name="androidx.core.content.FileProvider"
113-->src\main\AndroidManifest.xml:82:13-62
114            android:authorities="com.pitiq.app.debug.fileprovider"
114-->src\main\AndroidManifest.xml:83:13-64
115            android:exported="false"
115-->src\main\AndroidManifest.xml:84:13-37
116            android:grantUriPermissions="true" >
116-->src\main\AndroidManifest.xml:85:13-47
117            <meta-data
117-->src\main\AndroidManifest.xml:86:13-88:63
118                android:name="android.support.FILE_PROVIDER_PATHS"
118-->src\main\AndroidManifest.xml:87:17-67
119                android:resource="@xml/file_provider_paths" />
119-->src\main\AndroidManifest.xml:88:17-60
120        </provider>
121
122        <activity
122-->[androidx.compose.ui:ui-tooling-android:1.7.6] AndroidManifest.xml:23:9-25:39
123            android:name="androidx.compose.ui.tooling.PreviewActivity"
123-->[androidx.compose.ui:ui-tooling-android:1.7.6] AndroidManifest.xml:24:13-71
124            android:exported="true" />
124-->[androidx.compose.ui:ui-tooling-android:1.7.6] AndroidManifest.xml:25:13-36
125        <activity
125-->[androidx.compose.ui:ui-test-manifest:1.7.6] AndroidManifest.xml:23:9-25:39
126            android:name="androidx.activity.ComponentActivity"
126-->[androidx.compose.ui:ui-test-manifest:1.7.6] AndroidManifest.xml:24:13-63
127            android:exported="true" />
127-->[androidx.compose.ui:ui-test-manifest:1.7.6] AndroidManifest.xml:25:13-36
128
129        <service
129-->[androidx.camera:camera-camera2:1.4.1] AndroidManifest.xml:24:9-33:19
130            android:name="androidx.camera.core.impl.MetadataHolderService"
130-->[androidx.camera:camera-camera2:1.4.1] AndroidManifest.xml:25:13-75
131            android:enabled="false"
131-->[androidx.camera:camera-camera2:1.4.1] AndroidManifest.xml:26:13-36
132            android:exported="false" >
132-->[androidx.camera:camera-camera2:1.4.1] AndroidManifest.xml:27:13-37
133            <meta-data
133-->[androidx.camera:camera-camera2:1.4.1] AndroidManifest.xml:30:13-32:89
134                android:name="androidx.camera.core.impl.MetadataHolderService.DEFAULT_CONFIG_PROVIDER"
134-->[androidx.camera:camera-camera2:1.4.1] AndroidManifest.xml:31:17-103
135                android:value="androidx.camera.camera2.Camera2Config$DefaultProvider" />
135-->[androidx.camera:camera-camera2:1.4.1] AndroidManifest.xml:32:17-86
136        </service>
137
138        <provider
138-->[androidx.work:work-runtime:2.10.1] AndroidManifest.xml:29:9-37:20
139            android:name="androidx.startup.InitializationProvider"
139-->[androidx.work:work-runtime:2.10.1] AndroidManifest.xml:30:13-67
140            android:authorities="com.pitiq.app.debug.androidx-startup"
140-->[androidx.work:work-runtime:2.10.1] AndroidManifest.xml:31:13-68
141            android:exported="false" >
141-->[androidx.work:work-runtime:2.10.1] AndroidManifest.xml:32:13-37
142            <meta-data
142-->[androidx.work:work-runtime:2.10.1] AndroidManifest.xml:34:13-36:52
143                android:name="androidx.work.WorkManagerInitializer"
143-->[androidx.work:work-runtime:2.10.1] AndroidManifest.xml:35:17-68
144                android:value="androidx.startup" />
144-->[androidx.work:work-runtime:2.10.1] AndroidManifest.xml:36:17-49
145            <meta-data
145-->[io.github.jan-tennert.supabase:storage-kt-android-debug:3.1.4] AndroidManifest.xml:14:13-16:52
146                android:name="io.github.jan.supabase.storage.SupabaseInitializer"
146-->[io.github.jan-tennert.supabase:storage-kt-android-debug:3.1.4] AndroidManifest.xml:15:17-82
147                android:value="androidx.startup" />
147-->[io.github.jan-tennert.supabase:storage-kt-android-debug:3.1.4] AndroidManifest.xml:16:17-49
148            <meta-data
148-->[io.github.jan-tennert.supabase:auth-kt-android-debug:3.1.4] AndroidManifest.xml:14:13-16:52
149                android:name="io.github.jan.supabase.auth.SupabaseInitializer"
149-->[io.github.jan-tennert.supabase:auth-kt-android-debug:3.1.4] AndroidManifest.xml:15:17-79
150                android:value="androidx.startup" />
150-->[io.github.jan-tennert.supabase:auth-kt-android-debug:3.1.4] AndroidManifest.xml:16:17-49
151            <meta-data
151-->[androidx.emoji2:emoji2:1.3.0] AndroidManifest.xml:29:13-31:52
152                android:name="androidx.emoji2.text.EmojiCompatInitializer"
152-->[androidx.emoji2:emoji2:1.3.0] AndroidManifest.xml:30:17-75
153                android:value="androidx.startup" />
153-->[androidx.emoji2:emoji2:1.3.0] AndroidManifest.xml:31:17-49
154            <meta-data
154-->[androidx.lifecycle:lifecycle-process:2.8.7] AndroidManifest.xml:29:13-31:52
155                android:name="androidx.lifecycle.ProcessLifecycleInitializer"
155-->[androidx.lifecycle:lifecycle-process:2.8.7] AndroidManifest.xml:30:17-78
156                android:value="androidx.startup" />
156-->[androidx.lifecycle:lifecycle-process:2.8.7] AndroidManifest.xml:31:17-49
157            <meta-data
157-->[androidx.profileinstaller:profileinstaller:1.4.0] AndroidManifest.xml:29:13-31:52
158                android:name="androidx.profileinstaller.ProfileInstallerInitializer"
158-->[androidx.profileinstaller:profileinstaller:1.4.0] AndroidManifest.xml:30:17-85
159                android:value="androidx.startup" />
159-->[androidx.profileinstaller:profileinstaller:1.4.0] AndroidManifest.xml:31:17-49
160            <meta-data
160-->[com.russhwolf:multiplatform-settings-no-arg-android-debug:1.3.0] AndroidManifest.xml:29:13-31:52
161                android:name="com.russhwolf.settings.SettingsInitializer"
161-->[com.russhwolf:multiplatform-settings-no-arg-android-debug:1.3.0] AndroidManifest.xml:30:17-74
162                android:value="androidx.startup" />
162-->[com.russhwolf:multiplatform-settings-no-arg-android-debug:1.3.0] AndroidManifest.xml:31:17-49
163        </provider>
164
165        <service
165-->[androidx.work:work-runtime:2.10.1] AndroidManifest.xml:39:9-45:35
166            android:name="androidx.work.impl.background.systemalarm.SystemAlarmService"
166-->[androidx.work:work-runtime:2.10.1] AndroidManifest.xml:40:13-88
167            android:directBootAware="false"
167-->[androidx.work:work-runtime:2.10.1] AndroidManifest.xml:41:13-44
168            android:enabled="@bool/enable_system_alarm_service_default"
168-->[androidx.work:work-runtime:2.10.1] AndroidManifest.xml:42:13-72
169            android:exported="false" />
169-->[androidx.work:work-runtime:2.10.1] AndroidManifest.xml:43:13-37
170        <service
170-->[androidx.work:work-runtime:2.10.1] AndroidManifest.xml:46:9-52:35
171            android:name="androidx.work.impl.background.systemjob.SystemJobService"
171-->[androidx.work:work-runtime:2.10.1] AndroidManifest.xml:47:13-84
172            android:directBootAware="false"
172-->[androidx.work:work-runtime:2.10.1] AndroidManifest.xml:48:13-44
173            android:enabled="@bool/enable_system_job_service_default"
173-->[androidx.work:work-runtime:2.10.1] AndroidManifest.xml:49:13-70
174            android:exported="true"
174-->[androidx.work:work-runtime:2.10.1] AndroidManifest.xml:50:13-36
175            android:permission="android.permission.BIND_JOB_SERVICE" />
175-->[androidx.work:work-runtime:2.10.1] AndroidManifest.xml:51:13-69
176        <service
176-->[androidx.work:work-runtime:2.10.1] AndroidManifest.xml:53:9-59:35
177            android:name="androidx.work.impl.foreground.SystemForegroundService"
177-->[androidx.work:work-runtime:2.10.1] AndroidManifest.xml:54:13-81
178            android:directBootAware="false"
178-->[androidx.work:work-runtime:2.10.1] AndroidManifest.xml:55:13-44
179            android:enabled="@bool/enable_system_foreground_service_default"
179-->[androidx.work:work-runtime:2.10.1] AndroidManifest.xml:56:13-77
180            android:exported="false" />
180-->[androidx.work:work-runtime:2.10.1] AndroidManifest.xml:57:13-37
181
182        <receiver
182-->[androidx.work:work-runtime:2.10.1] AndroidManifest.xml:61:9-66:35
183            android:name="androidx.work.impl.utils.ForceStopRunnable$BroadcastReceiver"
183-->[androidx.work:work-runtime:2.10.1] AndroidManifest.xml:62:13-88
184            android:directBootAware="false"
184-->[androidx.work:work-runtime:2.10.1] AndroidManifest.xml:63:13-44
185            android:enabled="true"
185-->[androidx.work:work-runtime:2.10.1] AndroidManifest.xml:64:13-35
186            android:exported="false" />
186-->[androidx.work:work-runtime:2.10.1] AndroidManifest.xml:65:13-37
187        <receiver
187-->[androidx.work:work-runtime:2.10.1] AndroidManifest.xml:67:9-77:20
188            android:name="androidx.work.impl.background.systemalarm.ConstraintProxy$BatteryChargingProxy"
188-->[androidx.work:work-runtime:2.10.1] AndroidManifest.xml:68:13-106
189            android:directBootAware="false"
189-->[androidx.work:work-runtime:2.10.1] AndroidManifest.xml:69:13-44
190            android:enabled="false"
190-->[androidx.work:work-runtime:2.10.1] AndroidManifest.xml:70:13-36
191            android:exported="false" >
191-->[androidx.work:work-runtime:2.10.1] AndroidManifest.xml:71:13-37
192            <intent-filter>
192-->[androidx.work:work-runtime:2.10.1] AndroidManifest.xml:73:13-76:29
193                <action android:name="android.intent.action.ACTION_POWER_CONNECTED" />
193-->[androidx.work:work-runtime:2.10.1] AndroidManifest.xml:74:17-87
193-->[androidx.work:work-runtime:2.10.1] AndroidManifest.xml:74:25-84
194                <action android:name="android.intent.action.ACTION_POWER_DISCONNECTED" />
194-->[androidx.work:work-runtime:2.10.1] AndroidManifest.xml:75:17-90
194-->[androidx.work:work-runtime:2.10.1] AndroidManifest.xml:75:25-87
195            </intent-filter>
196        </receiver>
197        <receiver
197-->[androidx.work:work-runtime:2.10.1] AndroidManifest.xml:78:9-88:20
198            android:name="androidx.work.impl.background.systemalarm.ConstraintProxy$BatteryNotLowProxy"
198-->[androidx.work:work-runtime:2.10.1] AndroidManifest.xml:79:13-104
199            android:directBootAware="false"
199-->[androidx.work:work-runtime:2.10.1] AndroidManifest.xml:80:13-44
200            android:enabled="false"
200-->[androidx.work:work-runtime:2.10.1] AndroidManifest.xml:81:13-36
201            android:exported="false" >
201-->[androidx.work:work-runtime:2.10.1] AndroidManifest.xml:82:13-37
202            <intent-filter>
202-->[androidx.work:work-runtime:2.10.1] AndroidManifest.xml:84:13-87:29
203                <action android:name="android.intent.action.BATTERY_OKAY" />
203-->[androidx.work:work-runtime:2.10.1] AndroidManifest.xml:85:17-77
203-->[androidx.work:work-runtime:2.10.1] AndroidManifest.xml:85:25-74
204                <action android:name="android.intent.action.BATTERY_LOW" />
204-->[androidx.work:work-runtime:2.10.1] AndroidManifest.xml:86:17-76
204-->[androidx.work:work-runtime:2.10.1] AndroidManifest.xml:86:25-73
205            </intent-filter>
206        </receiver>
207        <receiver
207-->[androidx.work:work-runtime:2.10.1] AndroidManifest.xml:89:9-99:20
208            android:name="androidx.work.impl.background.systemalarm.ConstraintProxy$StorageNotLowProxy"
208-->[androidx.work:work-runtime:2.10.1] AndroidManifest.xml:90:13-104
209            android:directBootAware="false"
209-->[androidx.work:work-runtime:2.10.1] AndroidManifest.xml:91:13-44
210            android:enabled="false"
210-->[androidx.work:work-runtime:2.10.1] AndroidManifest.xml:92:13-36
211            android:exported="false" >
211-->[androidx.work:work-runtime:2.10.1] AndroidManifest.xml:93:13-37
212            <intent-filter>
212-->[androidx.work:work-runtime:2.10.1] AndroidManifest.xml:95:13-98:29
213                <action android:name="android.intent.action.DEVICE_STORAGE_LOW" />
213-->[androidx.work:work-runtime:2.10.1] AndroidManifest.xml:96:17-83
213-->[androidx.work:work-runtime:2.10.1] AndroidManifest.xml:96:25-80
214                <action android:name="android.intent.action.DEVICE_STORAGE_OK" />
214-->[androidx.work:work-runtime:2.10.1] AndroidManifest.xml:97:17-82
214-->[androidx.work:work-runtime:2.10.1] AndroidManifest.xml:97:25-79
215            </intent-filter>
216        </receiver>
217        <receiver
217-->[androidx.work:work-runtime:2.10.1] AndroidManifest.xml:100:9-109:20
218            android:name="androidx.work.impl.background.systemalarm.ConstraintProxy$NetworkStateProxy"
218-->[androidx.work:work-runtime:2.10.1] AndroidManifest.xml:101:13-103
219            android:directBootAware="false"
219-->[androidx.work:work-runtime:2.10.1] AndroidManifest.xml:102:13-44
220            android:enabled="false"
220-->[androidx.work:work-runtime:2.10.1] AndroidManifest.xml:103:13-36
221            android:exported="false" >
221-->[androidx.work:work-runtime:2.10.1] AndroidManifest.xml:104:13-37
222            <intent-filter>
222-->[androidx.work:work-runtime:2.10.1] AndroidManifest.xml:106:13-108:29
223                <action android:name="android.net.conn.CONNECTIVITY_CHANGE" />
223-->[androidx.work:work-runtime:2.10.1] AndroidManifest.xml:107:17-79
223-->[androidx.work:work-runtime:2.10.1] AndroidManifest.xml:107:25-76
224            </intent-filter>
225        </receiver>
226        <receiver
226-->[androidx.work:work-runtime:2.10.1] AndroidManifest.xml:110:9-121:20
227            android:name="androidx.work.impl.background.systemalarm.RescheduleReceiver"
227-->[androidx.work:work-runtime:2.10.1] AndroidManifest.xml:111:13-88
228            android:directBootAware="false"
228-->[androidx.work:work-runtime:2.10.1] AndroidManifest.xml:112:13-44
229            android:enabled="false"
229-->[androidx.work:work-runtime:2.10.1] AndroidManifest.xml:113:13-36
230            android:exported="false" >
230-->[androidx.work:work-runtime:2.10.1] AndroidManifest.xml:114:13-37
231            <intent-filter>
231-->[androidx.work:work-runtime:2.10.1] AndroidManifest.xml:116:13-120:29
232                <action android:name="android.intent.action.BOOT_COMPLETED" />
232-->[androidx.work:work-runtime:2.10.1] AndroidManifest.xml:117:17-79
232-->[androidx.work:work-runtime:2.10.1] AndroidManifest.xml:117:25-76
233                <action android:name="android.intent.action.TIME_SET" />
233-->[androidx.work:work-runtime:2.10.1] AndroidManifest.xml:118:17-73
233-->[androidx.work:work-runtime:2.10.1] AndroidManifest.xml:118:25-70
234                <action android:name="android.intent.action.TIMEZONE_CHANGED" />
234-->[androidx.work:work-runtime:2.10.1] AndroidManifest.xml:119:17-81
234-->[androidx.work:work-runtime:2.10.1] AndroidManifest.xml:119:25-78
235            </intent-filter>
236        </receiver>
237        <receiver
237-->[androidx.work:work-runtime:2.10.1] AndroidManifest.xml:122:9-131:20
238            android:name="androidx.work.impl.background.systemalarm.ConstraintProxyUpdateReceiver"
238-->[androidx.work:work-runtime:2.10.1] AndroidManifest.xml:123:13-99
239            android:directBootAware="false"
239-->[androidx.work:work-runtime:2.10.1] AndroidManifest.xml:124:13-44
240            android:enabled="@bool/enable_system_alarm_service_default"
240-->[androidx.work:work-runtime:2.10.1] AndroidManifest.xml:125:13-72
241            android:exported="false" >
241-->[androidx.work:work-runtime:2.10.1] AndroidManifest.xml:126:13-37
242            <intent-filter>
242-->[androidx.work:work-runtime:2.10.1] AndroidManifest.xml:128:13-130:29
243                <action android:name="androidx.work.impl.background.systemalarm.UpdateProxies" />
243-->[androidx.work:work-runtime:2.10.1] AndroidManifest.xml:129:17-98
243-->[androidx.work:work-runtime:2.10.1] AndroidManifest.xml:129:25-95
244            </intent-filter>
245        </receiver>
246        <receiver
246-->[androidx.work:work-runtime:2.10.1] AndroidManifest.xml:132:9-142:20
247            android:name="androidx.work.impl.diagnostics.DiagnosticsReceiver"
247-->[androidx.work:work-runtime:2.10.1] AndroidManifest.xml:133:13-78
248            android:directBootAware="false"
248-->[androidx.work:work-runtime:2.10.1] AndroidManifest.xml:134:13-44
249            android:enabled="true"
249-->[androidx.work:work-runtime:2.10.1] AndroidManifest.xml:135:13-35
250            android:exported="true"
250-->[androidx.work:work-runtime:2.10.1] AndroidManifest.xml:136:13-36
251            android:permission="android.permission.DUMP" >
251-->[androidx.work:work-runtime:2.10.1] AndroidManifest.xml:137:13-57
252            <intent-filter>
252-->[androidx.work:work-runtime:2.10.1] AndroidManifest.xml:139:13-141:29
253                <action android:name="androidx.work.diagnostics.REQUEST_DIAGNOSTICS" />
253-->[androidx.work:work-runtime:2.10.1] AndroidManifest.xml:140:17-88
253-->[androidx.work:work-runtime:2.10.1] AndroidManifest.xml:140:25-85
254            </intent-filter>
255        </receiver>
256
257        <uses-library
257-->[androidx.window:window:1.0.0] AndroidManifest.xml:25:9-27:40
258            android:name="androidx.window.extensions"
258-->[androidx.window:window:1.0.0] AndroidManifest.xml:26:13-54
259            android:required="false" />
259-->[androidx.window:window:1.0.0] AndroidManifest.xml:27:13-37
260        <uses-library
260-->[androidx.window:window:1.0.0] AndroidManifest.xml:28:9-30:40
261            android:name="androidx.window.sidecar"
261-->[androidx.window:window:1.0.0] AndroidManifest.xml:29:13-51
262            android:required="false" />
262-->[androidx.window:window:1.0.0] AndroidManifest.xml:30:13-37
263
264        <service
264-->[androidx.room:room-runtime-android:2.7.1] AndroidManifest.xml:24:9-28:63
265            android:name="androidx.room.MultiInstanceInvalidationService"
265-->[androidx.room:room-runtime-android:2.7.1] AndroidManifest.xml:25:13-74
266            android:directBootAware="true"
266-->[androidx.room:room-runtime-android:2.7.1] AndroidManifest.xml:26:13-43
267            android:exported="false" />
267-->[androidx.room:room-runtime-android:2.7.1] AndroidManifest.xml:27:13-37
268
269        <receiver
269-->[androidx.profileinstaller:profileinstaller:1.4.0] AndroidManifest.xml:34:9-52:20
270            android:name="androidx.profileinstaller.ProfileInstallReceiver"
270-->[androidx.profileinstaller:profileinstaller:1.4.0] AndroidManifest.xml:35:13-76
271            android:directBootAware="false"
271-->[androidx.profileinstaller:profileinstaller:1.4.0] AndroidManifest.xml:36:13-44
272            android:enabled="true"
272-->[androidx.profileinstaller:profileinstaller:1.4.0] AndroidManifest.xml:37:13-35
273            android:exported="true"
273-->[androidx.profileinstaller:profileinstaller:1.4.0] AndroidManifest.xml:38:13-36
274            android:permission="android.permission.DUMP" >
274-->[androidx.profileinstaller:profileinstaller:1.4.0] AndroidManifest.xml:39:13-57
275            <intent-filter>
275-->[androidx.profileinstaller:profileinstaller:1.4.0] AndroidManifest.xml:40:13-42:29
276                <action android:name="androidx.profileinstaller.action.INSTALL_PROFILE" />
276-->[androidx.profileinstaller:profileinstaller:1.4.0] AndroidManifest.xml:41:17-91
276-->[androidx.profileinstaller:profileinstaller:1.4.0] AndroidManifest.xml:41:25-88
277            </intent-filter>
278            <intent-filter>
278-->[androidx.profileinstaller:profileinstaller:1.4.0] AndroidManifest.xml:43:13-45:29
279                <action android:name="androidx.profileinstaller.action.SKIP_FILE" />
279-->[androidx.profileinstaller:profileinstaller:1.4.0] AndroidManifest.xml:44:17-85
279-->[androidx.profileinstaller:profileinstaller:1.4.0] AndroidManifest.xml:44:25-82
280            </intent-filter>
281            <intent-filter>
281-->[androidx.profileinstaller:profileinstaller:1.4.0] AndroidManifest.xml:46:13-48:29
282                <action android:name="androidx.profileinstaller.action.SAVE_PROFILE" />
282-->[androidx.profileinstaller:profileinstaller:1.4.0] AndroidManifest.xml:47:17-88
282-->[androidx.profileinstaller:profileinstaller:1.4.0] AndroidManifest.xml:47:25-85
283            </intent-filter>
284            <intent-filter>
284-->[androidx.profileinstaller:profileinstaller:1.4.0] AndroidManifest.xml:49:13-51:29
285                <action android:name="androidx.profileinstaller.action.BENCHMARK_OPERATION" />
285-->[androidx.profileinstaller:profileinstaller:1.4.0] AndroidManifest.xml:50:17-95
285-->[androidx.profileinstaller:profileinstaller:1.4.0] AndroidManifest.xml:50:25-92
286            </intent-filter>
287        </receiver>
288    </application>
289
290</manifest>